[2020.07.29 20:39:02] [INFO] [ERRNO is 3002] ---ç­‰å¾…å®¢æˆ·ç«¯è¿æ¥è¶…æ—¶--- [src/keymngserver.c] [156]
[2020.07.29 20:39:05] [WARNING] [SUCCESS] ç³»ç»Ÿæ£€æµ‹åˆ° å…±äº«å†…å­˜ä¸­å·²ç»å­˜åœ¨ç½‘ç‚¹ä¿¡æ¯cliented:1111 serverid0001 [src/keymng_shmop.c] [91]
[2020.07.29 20:39:05] [ERROR] [ERRNO is 1366] ·şÎñÆ÷ KeyMngsvr_DBOp_writeInfo() err:1366 [src/keymngserverop.c] [104]
[2020.07.29 20:39:05] [ERROR] [ERRNO is 1366] MngServer_Agree() err:1366 [src/keymngserver.c] [77]
[2020.07.29 20:39:05] [ERROR] [ERRNO is 3003] func sckClient_rev() err:3003 [src/keymngclientop.c] [101]
[2020.07.29 20:39:08] [INFO] [ERRNO is 3002] ---ç­‰å¾…å®¢æˆ·ç«¯è¿æ¥è¶…æ—¶--- [src/keymngserver.c] [156]
[2020.07.29 20:39:11] [INFO] [ERRNO is 3002] ---ç­‰å¾…å®¢æˆ·ç«¯è¿æ¥è¶…æ—¶--- [src/keymngserver.c] [156]
[2020.07.29 20:39:14] [INFO] [ERRNO is 3002] ---ç­‰å¾…å®¢æˆ·ç«¯è¿æ¥è¶…æ—¶--- [src/keymngserver.c] [156]
[2020.07.29 20:39:17] [INFO] [ERRNO is 3002] ---ç­‰å¾…å®¢æˆ·ç«¯è¿æ¥è¶…æ—¶--- [src/keymngserver.c] [156]
[2020.07.29 20:39:20] [INFO] [ERRNO is 3002] ---ç­‰å¾…å®¢æˆ·ç«¯è¿æ¥è¶…æ—¶--- [src/keymngserver.c] [156]
[2020.07.29 20:39:23] [INFO] [ERRNO is 3002] ---ç­‰å¾…å®¢æˆ·ç«¯è¿æ¥è¶…æ—¶--- [src/keymngserver.c] [156]
[2020.07.29 20:39:26] [INFO] [ERRNO is 3002] ---ç­‰å¾…å®¢æˆ·ç«¯è¿æ¥è¶…æ—¶--- [src/keymngserver.c] [156]
[2020.07.29 20:39:29] [INFO] [ERRNO is 3002] ---ç­‰å¾…å®¢æˆ·ç«¯è¿æ¥è¶…æ—¶--- [src/keymngserver.c] [156]
[2020.07.29 20:39:32] [INFO] [ERRNO is 3002] ---ç­‰å¾…å®¢æˆ·ç«¯è¿æ¥è¶…æ—¶--- [src/keymngserver.c] [156]
[2020.07.29 20:39:35] [INFO] [ERRNO is 3002] ---ç­‰å¾…å®¢æˆ·ç«¯è¿æ¥è¶…æ—¶--- [src/keymngserver.c] [156]
[2020.07.29 20:39:38] [INFO] [ERRNO is 3002] ---ç­‰å¾…å®¢æˆ·ç«¯è¿æ¥è¶…æ—¶--- [src/keymngserver.c] [156]
[2020.07.29 20:39:41] [INFO] [ERRNO is 3002] ---ç­‰å¾…å®¢æˆ·ç«¯è¿æ¥è¶…æ—¶--- [src/keymngserver.c] [156]
[2020.07.29 20:39:44] [INFO] [ERRNO is 3002] ---ç­‰å¾…å®¢æˆ·ç«¯è¿æ¥è¶…æ—¶--- [src/keymngserver.c] [156]
[2020.07.29 20:39:47] [INFO] [ERRNO is 3002] ---ç­‰å¾…å®¢æˆ·ç«¯è¿æ¥è¶…æ—¶--- [src/keymngserver.c] [156]
[2020.07.29 20:39:50] [INFO] [ERRNO is 3002] ---ç­‰å¾…å®¢æˆ·ç«¯è¿æ¥è¶…æ—¶--- [src/keymngserver.c] [156]
[2020.07.29 20:39:53] [INFO] [ERRNO is 3002] ---ç­‰å¾…å®¢æˆ·ç«¯è¿æ¥è¶…æ—¶--- [src/keymngserver.c] [156]
[2020.07.29 20:39:56] [INFO] [ERRNO is 3002] ---ç­‰å¾…å®¢æˆ·ç«¯è¿æ¥è¶…æ—¶--- [src/keymngserver.c] [156]
[2020.07.29 20:39:59] [INFO] [ERRNO is 3002] ---ç­‰å¾…å®¢æˆ·ç«¯è¿æ¥è¶…æ—¶--- [src/keymngserver.c] [156]
[2020.07.29 20:40:02] [INFO] [ERRNO is 3002] ---ç­‰å¾…å®¢æˆ·ç«¯è¿æ¥è¶…æ—¶--- [src/keymngserver.c] [156]
[2020.07.29 20:40:05] [INFO] [ERRNO is 3002] ---ç­‰å¾…å®¢æˆ·ç«¯è¿æ¥è¶…æ—¶--- [src/keymngserver.c] [156]
[2020.07.29 20:40:08] [INFO] [ERRNO is 3002] ---ç­‰å¾…å®¢æˆ·ç«¯è¿æ¥è¶…æ—¶--- [src/keymngserver.c] [156]
[2020.07.29 20:40:11] [INFO] [ERRNO is 3002] ---ç­‰å¾…å®¢æˆ·ç«¯è¿æ¥è¶…æ—¶--- [src/keymngserver.c] [156]
[2020.07.29 20:40:14] [INFO] [ERRNO is 3002] ---ç­‰å¾…å®¢æˆ·ç«¯è¿æ¥è¶…æ—¶--- [src/keymngserver.c] [156]
[2020.07.29 20:40:17] [INFO] [ERRNO is 3002] ---ç­‰å¾…å®¢æˆ·ç«¯è¿æ¥è¶…æ—¶--- [src/keymngserver.c] [156]
[2020.07.29 20:40:20] [INFO] [ERRNO is 3002] ---ç­‰å¾…å®¢æˆ·ç«¯è¿æ¥è¶…æ—¶--- [src/keymngserver.c] [156]
[2020.07.29 20:40:23] [INFO] [ERRNO is 3002] ---ç­‰å¾…å®¢æˆ·ç«¯è¿æ¥è¶…æ—¶--- [src/keymngserver.c] [156]
[2020.07.29 20:40:26] [INFO] [ERRNO is 3002] ---ç­‰å¾…å®¢æˆ·ç«¯è¿æ¥è¶…æ—¶--- [src/keymngserver.c] [156]
[2020.07.29 20:40:29] [INFO] [ERRNO is 3002] ---ç­‰å¾…å®¢æˆ·ç«¯è¿æ¥è¶…æ—¶--- [src/keymngserver.c] [156]
[2020.07.29 20:40:32] [INFO] [ERRNO is 3002] ---ç­‰å¾…å®¢æˆ·ç«¯è¿æ¥è¶…æ—¶--- [src/keymngserver.c] [156]
[2020.07.29 20:40:35] [INFO] [ERRNO is 3002] ---ç­‰å¾…å®¢æˆ·ç«¯è¿æ¥è¶…æ—¶--- [src/keymngserver.c] [156]
[2020.07.29 20:40:38] [INFO] [ERRNO is 3002] ---ç­‰å¾…å®¢æˆ·ç«¯è¿æ¥è¶…æ—¶--- [src/keymngserver.c] [156]
[2020.07.29 20:40:41] [INFO] [ERRNO is 3002] ---ç­‰å¾…å®¢æˆ·ç«¯è¿æ¥è¶…æ—¶--- [src/keymngserver.c] [156]
[2020.07.29 20:40:44] [INFO] [ERRNO is 3002] ---ç­‰å¾…å®¢æˆ·ç«¯è¿æ¥è¶…æ—¶--- [src/keymngserver.c] [156]
[2020.07.29 20:40:47] [INFO] [ERRNO is 3002] ---ç­‰å¾…å®¢æˆ·ç«¯è¿æ¥è¶…æ—¶--- [src/keymngserver.c] [156]
[2020.07.29 20:40:50] [INFO] [ERRNO is 3002] ---ç­‰å¾…å®¢æˆ·ç«¯è¿æ¥è¶…æ—¶--- [src/keymngserver.c] [156]
[2020.07.29 20:40:53] [INFO] [ERRNO is 3002] ---ç­‰å¾…å®¢æˆ·ç«¯è¿æ¥è¶…æ—¶--- [src/keymngserver.c] [156]
[2020.07.29 20:40:56] [INFO] [ERRNO is 3002] ---ç­‰å¾…å®¢æˆ·ç«¯è¿æ¥è¶…æ—¶--- [src/keymngserver.c] [156]
[2020.07.29 20:40:59] [INFO] [ERRNO is 3002] ---ç­‰å¾…å®¢æˆ·ç«¯è¿æ¥è¶…æ—¶--- [src/keymngserver.c] [156]
[2020.07.29 20:41:02] [INFO] [ERRNO is 3002] ---ç­‰å¾…å®¢æˆ·ç«¯è¿æ¥è¶…æ—¶--- [src/keymngserver.c] [156]
[2020.07.29 20:41:05] [INFO] [ERRNO is 3002] ---ç­‰å¾…å®¢æˆ·ç«¯è¿æ¥è¶…æ—¶--- [src/keymngserver.c] [156]
[2020.07.29 20:41:08] [INFO] [ERRNO is 3002] ---ç­‰å¾…å®¢æˆ·ç«¯è¿æ¥è¶…æ—¶--- [src/keymngserver.c] [156]
[2020.07.29 20:41:11] [INFO] [ERRNO is 3002] ---ç­‰å¾…å®¢æˆ·ç«¯è¿æ¥è¶…æ—¶--- [src/keymngserver.c] [156]
[2020.07.29 20:41:14] [INFO] [ERRNO is 3002] ---ç­‰å¾…å®¢æˆ·ç«¯è¿æ¥è¶…æ—¶--- [src/keymngserver.c] [156]
[2020.07.29 20:41:17] [INFO] [ERRNO is 3002] ---ç­‰å¾…å®¢æˆ·ç«¯è¿æ¥è¶…æ—¶--- [src/keymngserver.c] [156]
[2020.07.29 20:41:20] [INFO] [ERRNO is 3002] ---ç­‰å¾…å®¢æˆ·ç«¯è¿æ¥è¶…æ—¶--- [src/keymngserver.c] [156]
[2020.07.29 20:41:23] [INFO] [ERRNO is 3002] ---ç­‰å¾…å®¢æˆ·ç«¯è¿æ¥è¶…æ—¶--- [src/keymngserver.c] [156]
[2020.07.29 20:41:26] [INFO] [ERRNO is 3002] ---ç­‰å¾…å®¢æˆ·ç«¯è¿æ¥è¶…æ—¶--- [src/keymngserver.c] [156]
[2020.07.29 20:41:29] [INFO] [ERRNO is 3002] ---ç­‰å¾…å®¢æˆ·ç«¯è¿æ¥è¶…æ—¶--- [src/keymngserver.c] [156]
[2020.07.29 20:41:32] [INFO] [ERRNO is 3002] ---ç­‰å¾…å®¢æˆ·ç«¯è¿æ¥è¶…æ—¶--- [src/keymngserver.c] [156]
[2020.07.29 20:41:35] [INFO] [ERRNO is 3002] ---ç­‰å¾…å®¢æˆ·ç«¯è¿æ¥è¶…æ—¶--- [src/keymngserver.c] [156]
[2020.07.29 20:41:38] [INFO] [ERRNO is 3002] ---ç­‰å¾…å®¢æˆ·ç«¯è¿æ¥è¶…æ—¶--- [src/keymngserver.c] [156]
[2020.07.29 20:41:41] [INFO] [ERRNO is 3002] ---ç­‰å¾…å®¢æˆ·ç«¯è¿æ¥è¶…æ—¶--- [src/keymngserver.c] [156]
[2020.07.29 20:41:44] [INFO] [ERRNO is 3002] ---ç­‰å¾…å®¢æˆ·ç«¯è¿æ¥è¶…æ—¶--- [src/keymngserver.c] [156]
[2020.07.29 20:41:47] [INFO] [ERRNO is 3002] ---ç­‰å¾…å®¢æˆ·ç«¯è¿æ¥è¶…æ—¶--- [src/keymngserver.c] [156]
[2020.07.29 20:41:50] [INFO] [ERRNO is 3002] ---ç­‰å¾…å®¢æˆ·ç«¯è¿æ¥è¶…æ—¶--- [src/keymngserver.c] [156]
[2020.07.29 20:41:53] [INFO] [ERRNO is 3002] ---ç­‰å¾…å®¢æˆ·ç«¯è¿æ¥è¶…æ—¶--- [src/keymngserver.c] [156]
[2020.07.29 20:41:56] [INFO] [ERRNO is 3002] ---ç­‰å¾…å®¢æˆ·ç«¯è¿æ¥è¶…æ—¶--- [src/keymngserver.c] [156]
[2020.07.29 20:41:59] [INFO] [ERRNO is 3002] ---ç­‰å¾…å®¢æˆ·ç«¯è¿æ¥è¶…æ—¶--- [src/keymngserver.c] [156]
[2020.07.29 20:42:02] [INFO] [ERRNO is 3002] ---ç­‰å¾…å®¢æˆ·ç«¯è¿æ¥è¶…æ—¶--- [src/keymngserver.c] [156]
[2020.07.29 20:42:05] [INFO] [ERRNO is 3002] ---ç­‰å¾…å®¢æˆ·ç«¯è¿æ¥è¶…æ—¶--- [src/keymngserver.c] [156]
[2020.07.29 20:42:08] [INFO] [ERRNO is 3002] ---ç­‰å¾…å®¢æˆ·ç«¯è¿æ¥è¶…æ—¶--- [src/keymngserver.c] [156]
[2020.07.29 20:42:11] [INFO] [ERRNO is 3002] ---ç­‰å¾…å®¢æˆ·ç«¯è¿æ¥è¶…æ—¶--- [src/keymngserver.c] [156]
[2020.07.29 20:42:14] [INFO] [ERRNO is 3002] ---ç­‰å¾…å®¢æˆ·ç«¯è¿æ¥è¶…æ—¶--- [src/keymngserver.c] [156]
[2020.07.29 20:42:17] [INFO] [ERRNO is 3002] ---ç­‰å¾…å®¢æˆ·ç«¯è¿æ¥è¶…æ—¶--- [src/keymngserver.c] [156]
[2020.07.29 20:42:20] [INFO] [ERRNO is 3002] ---ç­‰å¾…å®¢æˆ·ç«¯è¿æ¥è¶…æ—¶--- [src/keymngserver.c] [156]
[2020.07.29 20:42:23] [INFO] [ERRNO is 3002] ---ç­‰å¾…å®¢æˆ·ç«¯è¿æ¥è¶…æ—¶--- [src/keymngserver.c] [156]
[2020.07.29 20:42:26] [INFO] [ERRNO is 3002] ---ç­‰å¾…å®¢æˆ·ç«¯è¿æ¥è¶…æ—¶--- [src/keymngserver.c] [156]
[2020.07.29 20:42:29] [INFO] [ERRNO is 3002] ---ç­‰å¾…å®¢æˆ·ç«¯è¿æ¥è¶…æ—¶--- [src/keymngserver.c] [156]
[2020.07.29 20:42:32] [INFO] [ERRNO is 3002] ---ç­‰å¾…å®¢æˆ·ç«¯è¿æ¥è¶…æ—¶--- [src/keymngserver.c] [156]
[2020.07.29 20:42:35] [INFO] [ERRNO is 3002] ---ç­‰å¾…å®¢æˆ·ç«¯è¿æ¥è¶…æ—¶--- [src/keymngserver.c] [156]
[2020.07.29 20:42:38] [INFO] [ERRNO is 3002] ---ç­‰å¾…å®¢æˆ·ç«¯è¿æ¥è¶…æ—¶--- [src/keymngserver.c] [156]
[2020.07.29 20:42:41] [INFO] [ERRNO is 3002] ---ç­‰å¾…å®¢æˆ·ç«¯è¿æ¥è¶…æ—¶--- [src/keymngserver.c] [156]
[2020.07.29 20:42:44] [INFO] [ERRNO is 3002] ---ç­‰å¾…å®¢æˆ·ç«¯è¿æ¥è¶…æ—¶--- [src/keymngserver.c] [156]
[2020.07.29 20:42:47] [INFO] [ERRNO is 3002] ---ç­‰å¾…å®¢æˆ·ç«¯è¿æ¥è¶…æ—¶--- [src/keymngserver.c] [156]
[2020.07.29 20:42:50] [INFO] [ERRNO is 3002] ---ç­‰å¾…å®¢æˆ·ç«¯è¿æ¥è¶…æ—¶--- [src/keymngserver.c] [156]
[2020.07.29 20:42:53] [INFO] [ERRNO is 3002] ---ç­‰å¾…å®¢æˆ·ç«¯è¿æ¥è¶…æ—¶--- [src/keymngserver.c] [156]
[2020.07.29 20:42:56] [INFO] [ERRNO is 3002] ---ç­‰å¾…å®¢æˆ·ç«¯è¿æ¥è¶…æ—¶--- [src/keymngserver.c] [156]
[2020.07.29 20:42:59] [INFO] [ERRNO is 3002] ---ç­‰å¾…å®¢æˆ·ç«¯è¿æ¥è¶…æ—¶--- [src/keymngserver.c] [156]
[2020.07.29 20:43:02] [INFO] [ERRNO is 3002] ---ç­‰å¾…å®¢æˆ·ç«¯è¿æ¥è¶…æ—¶--- [src/keymngserver.c] [156]
[2020.07.29 20:43:05] [INFO] [ERRNO is 3002] ---ç­‰å¾…å®¢æˆ·ç«¯è¿æ¥è¶…æ—¶--- [src/keymngserver.c] [156]
[2020.07.29 20:43:08] [INFO] [ERRNO is 3002] ---ç­‰å¾…å®¢æˆ·ç«¯è¿æ¥è¶…æ—¶--- [src/keymngserver.c] [156]
[2020.07.29 20:43:11] [INFO] [ERRNO is 3002] ---ç­‰å¾…å®¢æˆ·ç«¯è¿æ¥è¶…æ—¶--- [src/keymngserver.c] [156]
[2020.07.29 20:43:14] [INFO] [ERRNO is 3002] ---ç­‰å¾…å®¢æˆ·ç«¯è¿æ¥è¶…æ—¶--- [src/keymngserver.c] [156]
[2020.07.29 20:43:17] [INFO] [ERRNO is 3002] ---ç­‰å¾…å®¢æˆ·ç«¯è¿æ¥è¶…æ—¶--- [src/keymngserver.c] [156]
[2020.07.29 20:43:20] [INFO] [ERRNO is 3002] ---ç­‰å¾…å®¢æˆ·ç«¯è¿æ¥è¶…æ—¶--- [src/keymngserver.c] [156]
[2020.07.29 20:43:23] [INFO] [ERRNO is 3002] ---ç­‰å¾…å®¢æˆ·ç«¯è¿æ¥è¶…æ—¶--- [src/keymngserver.c] [156]
[2020.07.29 20:43:26] [INFO] [ERRNO is 3002] ---ç­‰å¾…å®¢æˆ·ç«¯è¿æ¥è¶…æ—¶--- [src/keymngserver.c] [156]
[2020.07.29 20:43:29] [INFO] [ERRNO is 3002] ---ç­‰å¾…å®¢æˆ·ç«¯è¿æ¥è¶…æ—¶--- [src/keymngserver.c] [156]
[2020.07.29 20:43:32] [INFO] [ERRNO is 3002] ---ç­‰å¾…å®¢æˆ·ç«¯è¿æ¥è¶…æ—¶--- [src/keymngserver.c] [156]
[2020.07.29 20:43:35] [INFO] [ERRNO is 3002] ---ç­‰å¾…å®¢æˆ·ç«¯è¿æ¥è¶…æ—¶--- [src/keymngserver.c] [156]
[2020.07.29 20:43:38] [INFO] [ERRNO is 3002] ---ç­‰å¾…å®¢æˆ·ç«¯è¿æ¥è¶…æ—¶--- [src/keymngserver.c] [156]
[2020.07.29 20:43:41] [INFO] [ERRNO is 3002] ---ç­‰å¾…å®¢æˆ·ç«¯è¿æ¥è¶…æ—¶--- [src/keymngserver.c] [156]
[2020.07.29 20:43:44] [INFO] [ERRNO is 3002] ---ç­‰å¾…å®¢æˆ·ç«¯è¿æ¥è¶…æ—¶--- [src/keymngserver.c] [156]
[2020.07.29 20:43:47] [INFO] [ERRNO is 3002] ---ç­‰å¾…å®¢æˆ·ç«¯è¿æ¥è¶…æ—¶--- [src/keymngserver.c] [156]
[2020.07.29 20:43:50] [INFO] [ERRNO is 3002] ---ç­‰å¾…å®¢æˆ·ç«¯è¿æ¥è¶…æ—¶--- [src/keymngserver.c] [156]
[2020.07.29 20:43:53] [INFO] [ERRNO is 3002] ---ç­‰å¾…å®¢æˆ·ç«¯è¿æ¥è¶…æ—¶--- [src/keymngserver.c] [156]
[2020.07.29 20:43:56] [INFO] [ERRNO is 3002] ---ç­‰å¾…å®¢æˆ·ç«¯è¿æ¥è¶…æ—¶--- [src/keymngserver.c] [156]
[2020.07.29 20:43:59] [INFO] [ERRNO is 3002] ---ç­‰å¾…å®¢æˆ·ç«¯è¿æ¥è¶…æ—¶--- [src/keymngserver.c] [156]
[2020.07.29 20:44:02] [INFO] [ERRNO is 3002] ---ç­‰å¾…å®¢æˆ·ç«¯è¿æ¥è¶…æ—¶--- [src/keymngserver.c] [156]
[2020.07.29 20:44:05] [INFO] [ERRNO is 3002] ---ç­‰å¾…å®¢æˆ·ç«¯è¿æ¥è¶…æ—¶--- [src/keymngserver.c] [156]
[2020.07.29 20:44:08] [INFO] [ERRNO is 3002] ---ç­‰å¾…å®¢æˆ·ç«¯è¿æ¥è¶…æ—¶--- [src/keymngserver.c] [156]
[2020.07.29 20:44:11] [INFO] [ERRNO is 3002] ---ç­‰å¾…å®¢æˆ·ç«¯è¿æ¥è¶…æ—¶--- [src/keymngserver.c] [156]
[2020.07.29 20:44:14] [INFO] [ERRNO is 3002] ---ç­‰å¾…å®¢æˆ·ç«¯è¿æ¥è¶…æ—¶--- [src/keymngserver.c] [156]
[2020.07.29 20:44:29] [INFO] [ERRNO is 3002] ---ç­‰å¾…å®¢æˆ·ç«¯è¿æ¥è¶…æ—¶--- [src/keymngserver.c] [156]
[2020.07.29 20:44:32] [INFO] [ERRNO is 3002] ---ç­‰å¾…å®¢æˆ·ç«¯è¿æ¥è¶…æ—¶--- [src/keymngserver.c] [156]
[2020.07.29 20:44:35] [INFO] [ERRNO is 3002] ---ç­‰å¾…å®¢æˆ·ç«¯è¿æ¥è¶…æ—¶--- [src/keymngserver.c] [156]
[2020.07.29 20:44:36] [WARNING] [SUCCESS] ç³»ç»Ÿæ£€æµ‹åˆ° å…±äº«å†…å­˜ä¸­å·²ç»å­˜åœ¨ç½‘ç‚¹ä¿¡æ¯cliented:1111 serverid0001 [src/keymng_shmop.c] [91]
[2020.07.29 20:44:36] [ERROR] [ERRNO is 1366] mysql_query error:1366 [src/deal_mysql.c] [397]
[2020.07.29 20:44:36] [ERROR] [ERRNO is 1366] ·şÎñÆ÷ KeyMngsvr_DBOp_writeInfo() err:1366 [src/keymngserverop.c] [104]
[2020.07.29 20:44:36] [ERROR] [ERRNO is 1366] MngServer_Agree() err:1366 [src/keymngserver.c] [77]
[2020.07.29 20:44:36] [ERROR] [ERRNO is 3003] func sckClient_rev() err:3003 [src/keymngclientop.c] [101]
[2020.07.29 20:44:39] [INFO] [ERRNO is 3002] ---ç­‰å¾…å®¢æˆ·ç«¯è¿æ¥è¶…æ—¶--- [src/keymngserver.c] [156]
[2020.07.29 20:44:42] [INFO] [ERRNO is 3002] ---ç­‰å¾…å®¢æˆ·ç«¯è¿æ¥è¶…æ—¶--- [src/keymngserver.c] [156]
[2020.07.29 20:44:45] [INFO] [ERRNO is 3002] ---ç­‰å¾…å®¢æˆ·ç«¯è¿æ¥è¶…æ—¶--- [src/keymngserver.c] [156]
[2020.07.29 20:44:48] [INFO] [ERRNO is 3002] ---ç­‰å¾…å®¢æˆ·ç«¯è¿æ¥è¶…æ—¶--- [src/keymngserver.c] [156]
[2020.07.29 20:54:42] [ERROR] [ERRNO is 98] sckServer_init() err:98 [src/keymngserver.c] [146]
[2020.07.29 20:54:50] [WARNING] [SUCCESS] ç³»ç»Ÿæ£€æµ‹åˆ° å…±äº«å†…å­˜ä¸­å·²ç»å­˜åœ¨ç½‘ç‚¹ä¿¡æ¯cliented:1111 serverid0001 [src/keymng_shmop.c] [91]
[2020.07.29 20:54:51] [ERROR] [ERRNO is 1366] mysql_query error:1366 [src/deal_mysql.c] [397]
[2020.07.29 20:54:51] [ERROR] [ERRNO is 1366] ·şÎñÆ÷ KeyMngsvr_DBOp_writeInfo() err:1366 [src/keymngserverop.c] [104]
[2020.07.29 20:54:51] [ERROR] [ERRNO is 1366] MngServer_Agree() err:1366 [src/keymngserver.c] [77]
[2020.07.29 20:54:51] [ERROR] [ERRNO is 3003] func sckClient_rev() err:3003 [src/keymngclientop.c] [101]
[2020.07.29 20:57:38] [WARNING] [SUCCESS] ç³»ç»Ÿæ£€æµ‹åˆ° å…±äº«å†…å­˜ä¸­å·²ç»å­˜åœ¨ç½‘ç‚¹ä¿¡æ¯cliented:1111 serverid0001 [src/keymng_shmop.c] [91]
[2020.07.29 20:57:38] [WARNING] [SUCCESS] ç³»ç»Ÿæ£€æµ‹åˆ° å…±äº«å†…å­˜ä¸­å·²ç»å­˜åœ¨ç½‘ç‚¹ä¿¡æ¯cliented:1111 serverid0001 [src/keymng_shmop.c] [91]
[2020.07.29 21:01:06] [WARNING] [SUCCESS] ç³»ç»Ÿæ£€æµ‹åˆ° å…±äº«å†…å­˜ä¸­å·²ç»å­˜åœ¨ç½‘ç‚¹ä¿¡æ¯cliented:1111 serverid0001 [src/keymng_shmop.c] [91]
[2020.07.29 21:01:06] [ERROR] [ERRNO is 1366] mysql_query error:1366 [src/deal_mysql.c] [403]
[2020.07.29 21:01:06] [ERROR] [ERRNO is 1366] ·şÎñÆ÷ KeyMngsvr_DBOp_writeInfo() err:1366 [src/keymngserverop.c] [104]
[2020.07.29 21:01:06] [ERROR] [ERRNO is 1366] MngServer_Agree() err:1366 [src/keymngserver.c] [77]
[2020.07.29 21:01:06] [ERROR] [ERRNO is 3003] func sckClient_rev() err:3003 [src/keymngclientop.c] [101]
[2020.07.29 21:12:52] [WARNING] [SUCCESS] ç³»ç»Ÿæ£€æµ‹åˆ° å…±äº«å†…å­˜ä¸­å·²ç»å­˜åœ¨ç½‘ç‚¹ä¿¡æ¯cliented:1111 serverid0001 [src/keymng_shmop.c] [91]
[2020.07.29 21:12:52] [ERROR] [ERRNO is 1366] mysql_query error:1366 [src/deal_mysql.c] [403]
[2020.07.29 21:12:52] [ERROR] [ERRNO is 1366] ·şÎñÆ÷ KeyMngsvr_DBOp_writeInfo() err:1366 [src/keymngserverop.c] [104]
[2020.07.29 21:12:52] [ERROR] [ERRNO is 1366] MngServer_Agree() err:1366 [src/keymngserver.c] [77]
[2020.07.29 21:12:52] [ERROR] [ERRNO is 3003] func sckClient_rev() err:3003 [src/keymngclientop.c] [101]
[2020.07.29 21:16:18] [WARNING] [SUCCESS] ç³»ç»Ÿæ£€æµ‹åˆ° å…±äº«å†…å­˜ä¸­å·²ç»å­˜åœ¨ç½‘ç‚¹ä¿¡æ¯cliented:1111 serverid0001 [src/keymng_shmop.c] [91]
[2020.07.29 21:16:18] [ERROR] [ERRNO is 1366] mysql_query error:1366 [src/deal_mysql.c] [403]
[2020.07.29 21:16:18] [ERROR] [ERRNO is 1366] ·şÎñÆ÷ KeyMngsvr_DBOp_writeInfo() err:1366 [src/keymngserverop.c] [104]
[2020.07.29 21:16:18] [ERROR] [ERRNO is 1366] MngServer_Agree() err:1366 [src/keymngserver.c] [77]
[2020.07.29 21:16:18] [ERROR] [ERRNO is 3003] func sckClient_rev() err:3003 [src/keymngclientop.c] [101]
[2020.07.29 21:16:48] [WARNING] [SUCCESS] ç³»ç»Ÿæ£€æµ‹åˆ° å…±äº«å†…å­˜ä¸­å·²ç»å­˜åœ¨ç½‘ç‚¹ä¿¡æ¯cliented:1111 serverid0001 [src/keymng_shmop.c] [91]
[2020.07.29 21:16:48] [ERROR] [ERRNO is 1366] mysql_query error:1366 [src/deal_mysql.c] [404]
[2020.07.29 21:16:48] [ERROR] [ERRNO is 1366] ·şÎñÆ÷ KeyMngsvr_DBOp_writeInfo() err:1366 [src/keymngserverop.c] [104]
[2020.07.29 21:16:48] [ERROR] [ERRNO is 1366] MngServer_Agree() err:1366 [src/keymngserver.c] [77]
[2020.07.29 21:16:48] [ERROR] [ERRNO is 3003] func sckClient_rev() err:3003 [src/keymngclientop.c] [101]
[2020.07.29 21:22:07] [WARNING] [SUCCESS] ç³»ç»Ÿæ£€æµ‹åˆ° å…±äº«å†…å­˜ä¸­å·²ç»å­˜åœ¨ç½‘ç‚¹ä¿¡æ¯cliented:1111 serverid0001 [src/keymng_shmop.c] [91]
[2020.07.29 21:22:07] [ERROR] [ERRNO is 1366] mysql_query error:1366 [src/deal_mysql.c] [404]
[2020.07.29 21:22:07] [ERROR] [ERRNO is 1366] ·şÎñÆ÷ KeyMngsvr_DBOp_writeInfo() err:1366 [src/keymngserverop.c] [104]
[2020.07.29 21:22:07] [ERROR] [ERRNO is 1366] MngServer_Agree() err:1366 [src/keymngserver.c] [77]
[2020.07.29 21:22:07] [ERROR] [ERRNO is 3003] func sckClient_rev() err:3003 [src/keymngclientop.c] [101]
[2020.07.29 21:26:34] [WARNING] [SUCCESS] ç³»ç»Ÿæ£€æµ‹åˆ° å…±äº«å†…å­˜ä¸­å·²ç»å­˜åœ¨ç½‘ç‚¹ä¿¡æ¯cliented:1111 serverid0001 [src/keymng_shmop.c] [91]
[2020.07.29 21:26:34] [WARNING] [SUCCESS] ç³»ç»Ÿæ£€æµ‹åˆ° å…±äº«å†…å­˜ä¸­å·²ç»å­˜åœ¨ç½‘ç‚¹ä¿¡æ¯cliented:1111 serverid0001 [src/keymng_shmop.c] [91]
[2020.07.29 21:26:49] [WARNING] [SUCCESS] ç³»ç»Ÿæ£€æµ‹åˆ° å…±äº«å†…å­˜ä¸­å·²ç»å­˜åœ¨ç½‘ç‚¹ä¿¡æ¯cliented:1111 serverid0001 [src/keymng_shmop.c] [91]
[2020.07.29 21:26:49] [WARNING] [SUCCESS] ç³»ç»Ÿæ£€æµ‹åˆ° å…±äº«å†…å­˜ä¸­å·²ç»å­˜åœ¨ç½‘ç‚¹ä¿¡æ¯cliented:1111 serverid0001 [src/keymng_shmop.c] [91]
[2020.07.29 21:30:34] [WARNING] [SUCCESS] ç³»ç»Ÿæ£€æµ‹åˆ° å…±äº«å†…å­˜ä¸­å·²ç»å­˜åœ¨ç½‘ç‚¹ä¿¡æ¯cliented:1111 serverid0001 [src/keymng_shmop.c] [91]
[2020.07.29 21:30:34] [ERROR] [ERRNO is 1366] mysql_query error:1366 [src/deal_mysql.c] [404]
[2020.07.29 21:30:34] [ERROR] [ERRNO is 1366] ·şÎñÆ÷ KeyMngsvr_DBOp_writeInfo() err:1366 [src/keymngserverop.c] [105]
[2020.07.29 21:30:34] [ERROR] [ERRNO is 1366] MngServer_Agree() err:1366 [src/keymngserver.c] [77]
[2020.07.29 21:30:34] [ERROR] [ERRNO is 3003] func sckClient_rev() err:3003 [src/keymngclientop.c] [101]
[2020.07.29 21:30:44] [ERROR] [ERRNO is 98] sckServer_init() err:98 [src/keymngserver.c] [146]
[2020.07.29 21:30:46] [WARNING] [SUCCESS] ç³»ç»Ÿæ£€æµ‹åˆ° æœ‰ä¸€ä¸ªç©ºçš„ä½ç½®  [src/keymng_shmop.c] [147]
[2020.07.29 21:30:46] [WARNING] [SUCCESS] ç³»ç»Ÿæ£€æµ‹åˆ° æœ‰ä¸€ä¸ªç©ºçš„ä½ç½®  [src/keymng_shmop.c] [147]
[2020.07.29 21:30:58] [WARNING] [SUCCESS] ç³»ç»Ÿæ£€æµ‹åˆ° å…±äº«å†…å­˜ä¸­å·²ç»å­˜åœ¨ç½‘ç‚¹ä¿¡æ¯cliented:1111 serverid0001 [src/keymng_shmop.c] [91]
[2020.07.29 21:30:58] [ERROR] [ERRNO is 1366] mysql_query error:1366 [src/deal_mysql.c] [404]
[2020.07.29 21:30:58] [ERROR] [ERRNO is 1366] ·şÎñÆ÷ KeyMngsvr_DBOp_writeInfo() err:1366 [src/keymngserverop.c] [105]
[2020.07.29 21:30:58] [ERROR] [ERRNO is 1366] MngServer_Agree() err:1366 [src/keymngserver.c] [77]
[2020.07.29 21:30:58] [ERROR] [ERRNO is 3003] func sckClient_rev() err:3003 [src/keymngclientop.c] [101]
[2020.07.29 21:39:26] [WARNING] [SUCCESS] ç³»ç»Ÿæ£€æµ‹åˆ° å…±äº«å†…å­˜ä¸­å·²ç»å­˜åœ¨ç½‘ç‚¹ä¿¡æ¯cliented:1111 serverid0001 [src/keymng_shmop.c] [91]
[2020.07.29 21:39:26] [WARNING] [SUCCESS] ç³»ç»Ÿæ£€æµ‹åˆ° å…±äº«å†…å­˜ä¸­å·²ç»å­˜åœ¨ç½‘ç‚¹ä¿¡æ¯cliented:1111 serverid0001 [src/keymng_shmop.c] [91]
[2020.07.29 21:40:14] [WARNING] [SUCCESS] ç³»ç»Ÿæ£€æµ‹åˆ° å…±äº«å†…å­˜ä¸­å·²ç»å­˜åœ¨ç½‘ç‚¹ä¿¡æ¯cliented:1111 serverid0001 [src/keymng_shmop.c] [91]
[2020.07.29 21:40:14] [WARNING] [SUCCESS] ç³»ç»Ÿæ£€æµ‹åˆ° å…±äº«å†…å­˜ä¸­å·²ç»å­˜åœ¨ç½‘ç‚¹ä¿¡æ¯cliented:1111 serverid0001 [src/keymng_shmop.c] [91]
[2020.07.29 21:40:19] [WARNING] [SUCCESS] ç³»ç»Ÿæ£€æµ‹åˆ° æœ‰ä¸€ä¸ªç©ºçš„ä½ç½®  [src/keymng_shmop.c] [147]
[2020.07.29 21:40:19] [WARNING] [SUCCESS] ç³»ç»Ÿæ£€æµ‹åˆ° æœ‰ä¸€ä¸ªç©ºçš„ä½ç½®  [src/keymng_shmop.c] [147]
[2020.07.29 21:40:21] [WARNING] [SUCCESS] ç³»ç»Ÿæ£€æµ‹åˆ° å…±äº«å†…å­˜ä¸­å·²ç»å­˜åœ¨ç½‘ç‚¹ä¿¡æ¯cliented:1111 serverid0001 [src/keymng_shmop.c] [91]
[2020.07.29 21:40:21] [WARNING] [SUCCESS] ç³»ç»Ÿæ£€æµ‹åˆ° å…±äº«å†…å­˜ä¸­å·²ç»å­˜åœ¨ç½‘ç‚¹ä¿¡æ¯cliented:1111 serverid0001 [src/keymng_shmop.c] [91]
[2020.07.29 21:40:23] [WARNING] [SUCCESS] ç³»ç»Ÿæ£€æµ‹åˆ° å…±äº«å†…å­˜ä¸­å·²ç»å­˜åœ¨ç½‘ç‚¹ä¿¡æ¯cliented:1111 serverid0001 [src/keymng_shmop.c] [91]
[2020.07.29 21:40:23] [WARNING] [SUCCESS] ç³»ç»Ÿæ£€æµ‹åˆ° å…±äº«å†…å­˜ä¸­å·²ç»å­˜åœ¨ç½‘ç‚¹ä¿¡æ¯cliented:1111 serverid0001 [src/keymng_shmop.c] [91]
